\BOOKMARK [0][-]{chapter*.2}{Syst\350me de jeu}{}% 1
\BOOKMARK [1][-]{section*.3}{Caract\351ristiques}{chapter*.2}% 2
\BOOKMARK [1][-]{section*.4}{Aspects}{chapter*.2}% 3
\BOOKMARK [1][-]{section*.5}{Points de destin}{chapter*.2}% 4
\BOOKMARK [1][-]{section*.6}{Actions}{chapter*.2}% 5
\BOOKMARK [1][-]{section*.7}{Sc\351nario, Cycle et Campagne}{chapter*.2}% 6
\BOOKMARK [1][-]{section*.8}{Progression des personnages}{chapter*.2}% 7
\BOOKMARK [0][-]{chapter*.9}{Cr\351ation de personnage}{}% 8
\BOOKMARK [1][-]{section*.10}{Choisir un concept de personnage}{chapter*.9}% 9
\BOOKMARK [1][-]{section*.11}{R\351partir les points de caract\351ristique}{chapter*.9}% 10
\BOOKMARK [1][-]{section*.12}{La Voie des Origines}{chapter*.9}% 11
\BOOKMARK [1][-]{section*.13}{Les aspects du personnage}{chapter*.9}% 12
\BOOKMARK [1][-]{section*.14}{L'\351quipement}{chapter*.9}% 13
\BOOKMARK [0][-]{chapter*.15}{Les traits}{}% 14
\BOOKMARK [0][-]{chapter*.16}{Le combat et les dangers}{}% 15
\BOOKMARK [1][-]{section*.17}{D\351fense passive ou active}{chapter*.16}% 16
\BOOKMARK [1][-]{section*.18}{Tours de combat}{chapter*.16}% 17
\BOOKMARK [1][-]{section*.19}{Actions lors du combat}{chapter*.16}% 18
\BOOKMARK [1][-]{section*.20}{Dommages et r\351cup\351ration}{chapter*.16}% 19
\BOOKMARK [0][-]{chapter*.21}{L'\351quipement}{}% 20
\BOOKMARK [1][-]{section*.22}{L'armement}{chapter*.21}% 21
\BOOKMARK [1][-]{section*.23}{\311quipements de protection}{chapter*.21}% 22
\BOOKMARK [1][-]{section*.24}{Equipement divers}{chapter*.21}% 23
\BOOKMARK [0][-]{chapter*.25}{Le Meneur de Jeu}{}% 24
\BOOKMARK [1][-]{section*.26}{D\351finir les difficult\351s d'actions}{chapter*.25}% 25
\BOOKMARK [1][-]{section*.27}{Les adversaires}{chapter*.25}% 26
\BOOKMARK [2][-]{subsection*.28}{Adversaires normaux}{section*.27}% 27
\BOOKMARK [2][-]{subsection*.29}{Adversaires principaux}{section*.27}% 28
\BOOKMARK [2][-]{subsection*.30}{Exemples d'adversaires}{section*.27}% 29
\BOOKMARK [1][-]{section*.31}{Gains d'exp\351rience en fin de sc\351nario}{chapter*.25}% 30
\BOOKMARK [0][-]{chapter*.32}{Cr\351dits et remerciements}{}% 31
\BOOKMARK [1][-]{subsection*.33}{Cr\351dits iconographiques}{chapter*.32}% 32
