\BOOKMARK [0][-]{chapter.1}{Syst\350me de jeu}{}% 1
\BOOKMARK [1][-]{section.1.1}{Qu'est-ce que le jeu de r\364le}{chapter.1}% 2
\BOOKMARK [1][-]{section.1.2}{Syst\350me de r\351solution}{chapter.1}% 3
\BOOKMARK [2][-]{subsection.1.2.1}{Caract\351ristiques}{section.1.2}% 4
\BOOKMARK [2][-]{subsection.1.2.2}{Aspects}{section.1.2}% 5
\BOOKMARK [2][-]{subsection.1.2.3}{Points de destin}{section.1.2}% 6
\BOOKMARK [2][-]{subsection.1.2.4}{Actions}{section.1.2}% 7
\BOOKMARK [2][-]{subsection.1.2.5}{Sc\351nario, Cycle et Campagne}{section.1.2}% 8
\BOOKMARK [1][-]{section.1.3}{Cr\351ation de personnage}{chapter.1}% 9
\BOOKMARK [2][-]{subsection.1.3.1}{Choisir un concept de personnage}{section.1.3}% 10
\BOOKMARK [2][-]{subsection.1.3.2}{R\351partir les points de caract\351ristique}{section.1.3}% 11
\BOOKMARK [2][-]{subsection.1.3.3}{La Voie des Origines}{section.1.3}% 12
\BOOKMARK [2][-]{subsection.1.3.4}{Les aspects du personnage}{section.1.3}% 13
\BOOKMARK [2][-]{subsection.1.3.5}{L'\351quipement}{section.1.3}% 14
\BOOKMARK [1][-]{section.1.4}{Les traits}{chapter.1}% 15
\BOOKMARK [1][-]{section.1.5}{Le combat et les dangers}{chapter.1}% 16
\BOOKMARK [2][-]{subsection.1.5.1}{D\351fense passive ou active}{section.1.5}% 17
\BOOKMARK [2][-]{subsection.1.5.2}{Tours de combat}{section.1.5}% 18
\BOOKMARK [2][-]{subsection.1.5.3}{Actions lors du combat}{section.1.5}% 19
\BOOKMARK [2][-]{subsection.1.5.4}{Dommages et r\351cup\351ration}{section.1.5}% 20
\BOOKMARK [1][-]{section.1.6}{L'\351quipement}{chapter.1}% 21
\BOOKMARK [2][-]{subsection.1.6.1}{L'armement}{section.1.6}% 22
\BOOKMARK [2][-]{subsection.1.6.2}{\311quipements de protection}{section.1.6}% 23
\BOOKMARK [2][-]{subsection.1.6.3}{Equipement divers}{section.1.6}% 24
\BOOKMARK [0][-]{chapter.2}{Les outils du meneur de jeu}{}% 25
\BOOKMARK [1][-]{section.2.1}{Concevoir l'adversit\351}{chapter.2}% 26
\BOOKMARK [2][-]{subsection.2.1.1}{G\351rer la difficult\351 d'une action}{section.2.1}% 27
\BOOKMARK [2][-]{subsection.2.1.2}{Cr\351er des adversaires}{section.2.1}% 28
\BOOKMARK [0][-]{chapter.3}{Unterwald}{}% 29
\BOOKMARK [1][-]{section.3.1}{\300 travers le Col Brun}{chapter.3}% 30
\BOOKMARK [1][-]{section.3.2}{Unterwald, en bref}{chapter.3}% 31
\BOOKMARK [1][-]{section.3.3}{Atlas d'Unterwald}{chapter.3}% 32
\BOOKMARK [2][-]{subsection.3.3.1}{La Basse-For\352t}{section.3.3}% 33
\BOOKMARK [2][-]{subsection.3.3.2}{La Haute-For\352t}{section.3.3}% 34
\BOOKMARK [2][-]{subsection.3.3.3}{Le Rigg}{section.3.3}% 35
\BOOKMARK [2][-]{subsection.3.3.4}{Contr\351es plus lointaines}{section.3.3}% 36
\BOOKMARK [1][-]{section.3.4}{Ma\356triser Unterwald}{chapter.3}% 37
\BOOKMARK [1][-]{section.3.5}{Bestiaire et adversit\351}{chapter.3}% 38
\BOOKMARK [1][-]{section.3.6}{Sc\351nario: Le vol de l'Oiseau de Fer}{chapter.3}% 39
